<?xml version="1.0" encoding="UTF-8"?>
<!-- Generated by org.testng.reporters.JUnitXMLReporter -->
<testsuite ignored="4" hostname="DESKTOP-05KTQHD" failures="0" tests="1" name="Flight Booking Service Testcases" time="11.105" errors="0" timestamp="2024-10-29T11:59:58 IST">
  <testcase classname="TestCases.AppTest" name="deleteOrder" time="6.868"/>
  <testcase classname="TestCases.AppTest" name="searchFlightsTest" time="0.0">
    <ignored/>
  </testcase> <!-- searchFlightsTest -->
  <testcase classname="TestCases.AppTest" name="editOrderTest" time="0.0">
    <ignored/>
  </testcase> <!-- editOrderTest -->
  <testcase classname="TestCases.AppTest" name="viewOrderTest" time="0.0">
    <ignored/>
  </testcase> <!-- viewOrderTest -->
  <testcase classname="TestCases.AppTest" name="verifyUserPageTest" time="0.0">
    <ignored/>
  </testcase> <!-- verifyUserPageTest -->
</testsuite> <!-- Flight Booking Service Testcases -->
