<?xml version="1.0" encoding="UTF-8"?>
<!-- Generated by org.testng.reporters.JUnitXMLReporter -->
<testsuite ignored="3" hostname="DESKTOP-05KTQHD" failures="0" tests="1" name="Flight Booking Service Testcases" time="28.858" errors="0" timestamp="2024-10-29T11:42:05 IST">
  <testcase classname="TestCases.AppTest" name="editOrderTest" time="23.957"/>
  <testcase classname="TestCases.AppTest" name="verifyUserPageTest" time="0.0">
    <ignored/>
  </testcase> <!-- verifyUserPageTest -->
  <testcase classname="TestCases.AppTest" name="viewOrderTest" time="0.0">
    <ignored/>
  </testcase> <!-- viewOrderTest -->
  <testcase classname="TestCases.AppTest" name="searchFlightsTest" time="0.0">
    <ignored/>
  </testcase> <!-- searchFlightsTest -->
</testsuite> <!-- Flight Booking Service Testcases -->
