<?xml version="1.0" encoding="UTF-8"?>
<testng-results ignored="0" total="1" passed="1" failed="0" skipped="0">
  <reporter-output>
    <line>
      <![CDATA[Edit Page Displayed]]>
    </line>
    <line>
      <![CDATA[no such element: Unable to locate element: {"method":"xpath","selector":"//button[contains(@class,'insert-order')]"}
  (Session info: chrome=130.0.6723.70)
For documentation on this error, please visit: https://www.selenium.dev/documentation/webdriver/troubleshooting/errors#no-such-element-exception
Build info: version: '4.25.0', revision: '8a8aea2337'
System info: os.name: 'Windows 10', os.arch: 'amd64', os.version: '10.0', java.version: '17.0.10'
Driver info: org.openqa.selenium.chrome.ChromeDriver
Command: [0dd3ecb505ca29a27ff2b94f8ac6321d, findElement {using=xpath, value=//button[contains(@class,'insert-order')]}]
Capabilities {acceptInsecureCerts: false, browserName: chrome, browserVersion: 130.0.6723.70, chrome: {chromedriverVersion: 130.0.6723.69 (3ec172b971b9..., userDataDir: C:\Users\Interia\AppData\Lo...}, fedcm:accounts: true, goog:chromeOptions: {debuggerAddress: localhost:49922}, networkConnectionEnabled: false, pageLoadStrategy: normal, platformName: windows, proxy: Proxy(), se:cdp: ws://localhost:49922/devtoo..., se:cdpVersion: 130.0.6723.70, setWindowRect: true, strictFileInteractability: false, timeouts: {implicit: 0, pageLoad: 300000, script: 30000}, unhandledPromptBehavior: dismiss and notify, webauthn:extension:credBlob: true, webauthn:extension:largeBlob: true, webauthn:extension:minPinLength: true, webauthn:extension:prf: true, webauthn:virtualAuthenticators: true}
Session ID: 0dd3ecb505ca29a27ff2b94f8ac6321d]]>
    </line>
  </reporter-output>
  <suite started-at="2024-10-29T11:41:36 IST" name="Flight Booking Service App Test" finished-at="2024-10-29T11:42:05 IST" duration-ms="28858">
    <groups>
    </groups>
    <test started-at="2024-10-29T11:41:36 IST" name="Flight Booking Service Testcases" finished-at="2024-10-29T11:42:05 IST" duration-ms="28858">
      <class name="TestCases.AppTest">
        <test-method is-config="true" signature="launchBrowser()[pri:0, instance:TestCases.AppTest@3e08ff24]" started-at="2024-10-29T11:41:34 IST" name="launchBrowser" finished-at="2024-10-29T11:41:36 IST" duration-ms="1770" status="PASS">
          <reporter-output>
          </reporter-output>
        </test-method> <!-- launchBrowser -->
        <test-method is-config="true" signature="login(java.lang.String,java.lang.String)[pri:0, instance:TestCases.AppTest@3e08ff24]" started-at="2024-10-29T11:41:36 IST" name="login" finished-at="2024-10-29T11:41:40 IST" duration-ms="3963" status="PASS">
          <params>
            <param index="0">
              <value>
                <![CDATA[interiautest@gmail.com]]>
              </value>
            </param>
            <param index="1">
              <value>
                <![CDATA[Dsop@123]]>
              </value>
            </param>
          </params>
          <reporter-output>
          </reporter-output>
        </test-method> <!-- login -->
        <test-method signature="editOrderTest(java.lang.String,java.lang.String,java.lang.String,java.lang.String)[pri:4, instance:TestCases.AppTest@3e08ff24]" started-at="2024-10-29T11:41:40 IST" name="editOrderTest" finished-at="2024-10-29T11:42:04 IST" duration-ms="23957" status="PASS">
          <params>
            <param index="0">
              <value>
                <![CDATA[11838]]>
              </value>
            </param>
            <param index="1">
              <value>
                <![CDATA[Rudra Murthy]]>
              </value>
            </param>
            <param index="2">
              <value>
                <![CDATA[First Class]]>
              </value>
            </param>
            <param index="3">
              <value>
                <![CDATA[1]]>
              </value>
            </param>
          </params>
          <reporter-output>
            <line>
              <![CDATA[Edit Page Displayed]]>
            </line>
            <line>
              <![CDATA[no such element: Unable to locate element: {"method":"xpath","selector":"//button[contains(@class,'insert-order')]"}
  (Session info: chrome=130.0.6723.70)
For documentation on this error, please visit: https://www.selenium.dev/documentation/webdriver/troubleshooting/errors#no-such-element-exception
Build info: version: '4.25.0', revision: '8a8aea2337'
System info: os.name: 'Windows 10', os.arch: 'amd64', os.version: '10.0', java.version: '17.0.10'
Driver info: org.openqa.selenium.chrome.ChromeDriver
Command: [0dd3ecb505ca29a27ff2b94f8ac6321d, findElement {using=xpath, value=//button[contains(@class,'insert-order')]}]
Capabilities {acceptInsecureCerts: false, browserName: chrome, browserVersion: 130.0.6723.70, chrome: {chromedriverVersion: 130.0.6723.69 (3ec172b971b9..., userDataDir: C:\Users\Interia\AppData\Lo...}, fedcm:accounts: true, goog:chromeOptions: {debuggerAddress: localhost:49922}, networkConnectionEnabled: false, pageLoadStrategy: normal, platformName: windows, proxy: Proxy(), se:cdp: ws://localhost:49922/devtoo..., se:cdpVersion: 130.0.6723.70, setWindowRect: true, strictFileInteractability: false, timeouts: {implicit: 0, pageLoad: 300000, script: 30000}, unhandledPromptBehavior: dismiss and notify, webauthn:extension:credBlob: true, webauthn:extension:largeBlob: true, webauthn:extension:minPinLength: true, webauthn:extension:prf: true, webauthn:virtualAuthenticators: true}
Session ID: 0dd3ecb505ca29a27ff2b94f8ac6321d]]>
            </line>
          </reporter-output>
        </test-method> <!-- editOrderTest -->
        <test-method is-config="true" signature="logout()[pri:0, instance:TestCases.AppTest@3e08ff24]" started-at="2024-10-29T11:42:04 IST" name="logout" finished-at="2024-10-29T11:42:05 IST" duration-ms="884" status="PASS">
          <reporter-output>
          </reporter-output>
        </test-method> <!-- logout -->
        <test-method is-config="true" signature="closeBrowser()[pri:0, instance:TestCases.AppTest@3e08ff24]" started-at="2024-10-29T11:42:05 IST" name="closeBrowser" finished-at="2024-10-29T11:42:05 IST" duration-ms="187" status="PASS">
          <reporter-output>
          </reporter-output>
        </test-method> <!-- closeBrowser -->
      </class> <!-- TestCases.AppTest -->
    </test> <!-- Flight Booking Service Testcases -->
  </suite> <!-- Flight Booking Service App Test -->
</testng-results>
