<?xml version="1.0" encoding="UTF-8"?>
<testng-results ignored="0" total="1" passed="1" failed="0" skipped="0">
  <reporter-output>
    <line>
      <![CDATA[User Dashboard verified Successfully]]>
    </line>
  </reporter-output>
  <suite started-at="2024-10-27T21:05:02 IST" name="Flight Booking Service App Test" finished-at="2024-10-27T21:05:08 IST" duration-ms="5545">
    <groups>
    </groups>
    <test started-at="2024-10-27T21:05:02 IST" name="Flight Booking Service App Test Cases" finished-at="2024-10-27T21:05:08 IST" duration-ms="5545">
      <class name="TestCases.VerifyUserDashBoard">
        <test-method is-config="true" signature="launchBrowser()[pri:0, instance:TestCases.VerifyUserDashBoard@7c137fd5]" started-at="2024-10-27T21:04:59 IST" name="launchBrowser" finished-at="2024-10-27T21:05:02 IST" duration-ms="2901" status="PASS">
          <reporter-output>
          </reporter-output>
        </test-method> <!-- launchBrowser -->
        <test-method is-config="true" signature="login(java.lang.String,java.lang.String)[pri:0, instance:TestCases.VerifyUserDashBoard@7c137fd5]" started-at="2024-10-27T21:05:02 IST" name="login" finished-at="2024-10-27T21:05:07 IST" duration-ms="4762" status="PASS">
          <params>
            <param index="0">
              <value>
                <![CDATA[interiautest@gmail.com]]>
              </value>
            </param>
            <param index="1">
              <value>
                <![CDATA[Dsop@123]]>
              </value>
            </param>
          </params>
          <reporter-output>
          </reporter-output>
        </test-method> <!-- login -->
        <test-method signature="verifyUserPage()[pri:0, instance:TestCases.VerifyUserDashBoard@7c137fd5]" started-at="2024-10-27T21:05:07 IST" name="verifyUserPage" finished-at="2024-10-27T21:05:07 IST" duration-ms="32" status="PASS">
          <reporter-output>
            <line>
              <![CDATA[User Dashboard verified Successfully]]>
            </line>
          </reporter-output>
        </test-method> <!-- verifyUserPage -->
        <test-method is-config="true" signature="logout()[pri:0, instance:TestCases.VerifyUserDashBoard@7c137fd5]" started-at="2024-10-27T21:05:07 IST" name="logout" finished-at="2024-10-27T21:05:08 IST" duration-ms="711" status="PASS">
          <reporter-output>
          </reporter-output>
        </test-method> <!-- logout -->
        <test-method is-config="true" signature="closeBrowser()[pri:0, instance:TestCases.VerifyUserDashBoard@7c137fd5]" started-at="2024-10-27T21:05:08 IST" name="closeBrowser" finished-at="2024-10-27T21:05:08 IST" duration-ms="167" status="PASS">
          <reporter-output>
          </reporter-output>
        </test-method> <!-- closeBrowser -->
      </class> <!-- TestCases.VerifyUserDashBoard -->
    </test> <!-- Flight Booking Service App Test Cases -->
  </suite> <!-- Flight Booking Service App Test -->
</testng-results>
